\BOOKMARK [0][-]{chapter.1}{1 Introduction to data}{}% 1
\BOOKMARK [1][-]{section.1.1}{1.1 Case study}{chapter.1}% 2
\BOOKMARK [1][-]{section.1.2}{1.2 Data basics}{chapter.1}% 3
\BOOKMARK [1][-]{section.1.3}{1.3 Overview of data collection principles}{chapter.1}% 4
\BOOKMARK [1][-]{section.1.4}{1.4 Observational studies and sampling strategies}{chapter.1}% 5
\BOOKMARK [1][-]{section.1.5}{1.5 Experiments}{chapter.1}% 6
\BOOKMARK [1][-]{section.1.6}{1.6 Examining numerical data}{chapter.1}% 7
\BOOKMARK [1][-]{section.1.7}{1.7 Considering categorical data}{chapter.1}% 8
\BOOKMARK [1][-]{section.1.8}{1.8 Case study: gender discrimination \(special topic\)}{chapter.1}% 9
\BOOKMARK [0][-]{chapter.4}{4 Foundations for inference}{}% 10
\BOOKMARK [1][-]{section.4.1}{4.1 Variability in estimates}{chapter.4}% 11
\BOOKMARK [1][-]{section.4.2}{4.2 Confidence intervals}{chapter.4}% 12
\BOOKMARK [1][-]{section.4.3}{4.3 Hypothesis testing}{chapter.4}% 13
\BOOKMARK [1][-]{section.4.4}{4.4 Examining the Central Limit Theorem Closer \(Special Topic\)}{chapter.4}% 14
\BOOKMARK [1][-]{section.4.5}{4.5 Inference for other estimators}{chapter.4}% 15
\BOOKMARK [1][-]{section.4.6}{4.6 Sample size and power \(special topic\)}{chapter.4}% 16
\BOOKMARK [1][-]{section.4.7}{4.7 Exercises}{chapter.4}% 17
\BOOKMARK [0][-]{appendix.A}{A End of chapter exercise solutions}{}% 18
\BOOKMARK [0][-]{appendix.B}{B Distribution tables}{}% 19
\BOOKMARK [1][-]{section.B.1}{B.1 Normal Probability Table}{appendix.B}% 20
\BOOKMARK [1][-]{section.B.2}{B.2 t-Probability Table}{appendix.B}% 21
\BOOKMARK [1][-]{section.B.3}{B.3 Chi-Square Probability Table}{appendix.B}% 22
