This is pdfTeX, Version 3.14159265-2.6-1.40.15 (TeX Live 2014) (preloaded format=pdflatex 2014.5.25)  26 JUL 2015 16:28
entering extended mode
 restricted \write18 enabled.
 file:line:error style messages enabled.
 %&-line parsing enabled.
**main.tex
(./main.tex
LaTeX2e <2014/05/01>
Babel <3.9k> and hyphenation patterns for 78 languages loaded.
(/usr/local/texlive/2014/texmf-dist/tex/latex/base/book.cls
Document Class: book 2007/10/19 v1.4h Standard LaTeX document class
(/usr/local/texlive/2014/texmf-dist/tex/latex/base/bk10.clo
File: bk10.clo 2007/10/19 v1.4h Standard LaTeX file (size option)
)
\c@part=\count79
\c@chapter=\count80
\c@section=\count81
\c@subsection=\count82
\c@subsubsection=\count83
\c@paragraph=\count84
\c@subparagraph=\count85
\c@figure=\count86
\c@table=\count87
\abovecaptionskip=\skip41
\belowcaptionskip=\skip42
\bibindent=\dimen102
)
(/usr/local/texlive/2014/texmf-dist/tex/latex/geometry/geometry.sty
Package: geometry 2010/09/12 v5.6 Page Geometry

(/usr/local/texlive/2014/texmf-dist/tex/latex/graphics/keyval.sty
Package: keyval 2014/05/08 v1.15 key=value parser (DPC)
\KV@toks@=\toks14
)
(/usr/local/texlive/2014/texmf-dist/tex/generic/oberdiek/ifpdf.sty
Package: ifpdf 2011/01/30 v2.3 Provides the ifpdf switch (HO)
Package ifpdf Info: pdfTeX in PDF mode is detected.
)
(/usr/local/texlive/2014/texmf-dist/tex/generic/oberdiek/ifvtex.sty
Package: ifvtex 2010/03/01 v1.5 Detect VTeX and its facilities (HO)
Package ifvtex Info: VTeX not detected.
)
(/usr/local/texlive/2014/texmf-dist/tex/generic/ifxetex/ifxetex.sty
Package: ifxetex 2010/09/12 v0.6 Provides ifxetex conditional
)
\Gm@cnth=\count88
\Gm@cntv=\count89
\c@Gm@tempcnt=\count90
\Gm@bindingoffset=\dimen103
\Gm@wd@mp=\dimen104
\Gm@odd@mp=\dimen105
\Gm@even@mp=\dimen106
\Gm@layoutwidth=\dimen107
\Gm@layoutheight=\dimen108
\Gm@layouthoffset=\dimen109
\Gm@layoutvoffset=\dimen110
\Gm@dimlist=\toks15
)
(/usr/local/texlive/2014/texmf-dist/tex/latex/graphics/graphicx.sty
Package: graphicx 2014/04/25 v1.0g Enhanced LaTeX Graphics (DPC,SPQR)

(/usr/local/texlive/2014/texmf-dist/tex/latex/graphics/graphics.sty
Package: graphics 2009/02/05 v1.0o Standard LaTeX Graphics (DPC,SPQR)

(/usr/local/texlive/2014/texmf-dist/tex/latex/graphics/trig.sty
Package: trig 1999/03/16 v1.09 sin cos tan (DPC)
)
(/usr/local/texlive/2014/texmf-dist/tex/latex/latexconfig/graphics.cfg
File: graphics.cfg 2010/04/23 v1.9 graphics configuration of TeX Live
)
Package graphics Info: Driver file: pdftex.def on input line 91.

(/usr/local/texlive/2014/texmf-dist/tex/latex/pdftex-def/pdftex.def
File: pdftex.def 2011/05/27 v0.06d Graphics/color for pdfTeX

(/usr/local/texlive/2014/texmf-dist/tex/generic/oberdiek/infwarerr.sty
Package: infwarerr 2010/04/08 v1.3 Providing info/warning/error messages (HO)
)
(/usr/local/texlive/2014/texmf-dist/tex/generic/oberdiek/ltxcmds.sty
Package: ltxcmds 2011/11/09 v1.22 LaTeX kernel commands for general use (HO)
)
\Gread@gobject=\count91
))
\Gin@req@height=\dimen111
\Gin@req@width=\dimen112
)
(/usr/local/texlive/2014/texmf-dist/tex/latex/tools/varioref.sty
Package: varioref 2011/10/02 v1.4z package for extended references (FMi)
\c@vrcnt=\count92
)
(/usr/local/texlive/2014/texmf-dist/tex/latex/soul/soul.sty
Package: soul 2003/11/17 v2.4 letterspacing/underlining (mf)
\SOUL@word=\toks16
\SOUL@lasttoken=\toks17
\SOUL@cmds=\toks18
\SOUL@buffer=\toks19
\SOUL@token=\toks20
\SOUL@spaceskip=\skip43
\SOUL@ttwidth=\dimen113
\SOUL@uldp=\dimen114
\SOUL@ulht=\dimen115
)
(/usr/local/texlive/2014/texmf-dist/tex/latex/tools/verbatim.sty
Package: verbatim 2003/08/22 v1.5q LaTeX2e package for verbatim enhancements
\every@verbatim=\toks21
\verbatim@line=\toks22
\verbatim@in@stream=\read1
)
(/usr/local/texlive/2014/texmf-dist/tex/latex/amsmath/amsmath.sty
Package: amsmath 2013/01/14 v2.14 AMS math features
\@mathmargin=\skip44

For additional information on amsmath, use the `?' option.
(/usr/local/texlive/2014/texmf-dist/tex/latex/amsmath/amstext.sty
Package: amstext 2000/06/29 v2.01

(/usr/local/texlive/2014/texmf-dist/tex/latex/amsmath/amsgen.sty
File: amsgen.sty 1999/11/30 v2.0
\@emptytoks=\toks23
\ex@=\dimen116
))
(/usr/local/texlive/2014/texmf-dist/tex/latex/amsmath/amsbsy.sty
Package: amsbsy 1999/11/29 v1.2d
\pmbraise@=\dimen117
)
(/usr/local/texlive/2014/texmf-dist/tex/latex/amsmath/amsopn.sty
Package: amsopn 1999/12/14 v2.01 operator names
)
\inf@bad=\count93
LaTeX Info: Redefining \frac on input line 210.
\uproot@=\count94
\leftroot@=\count95
LaTeX Info: Redefining \overline on input line 306.
\classnum@=\count96
\DOTSCASE@=\count97
LaTeX Info: Redefining \ldots on input line 378.
LaTeX Info: Redefining \dots on input line 381.
LaTeX Info: Redefining \cdots on input line 466.
\Mathstrutbox@=\box26
\strutbox@=\box27
\big@size=\dimen118
LaTeX Font Info:    Redeclaring font encoding OML on input line 566.
LaTeX Font Info:    Redeclaring font encoding OMS on input line 567.
\macc@depth=\count98
\c@MaxMatrixCols=\count99
\dotsspace@=\muskip10
\c@parentequation=\count100
\dspbrk@lvl=\count101
\tag@help=\toks24
\row@=\count102
\column@=\count103
\maxfields@=\count104
\andhelp@=\toks25
\eqnshift@=\dimen119
\alignsep@=\dimen120
\tagshift@=\dimen121
\tagwidth@=\dimen122
\totwidth@=\dimen123
\lineht@=\dimen124
\@envbody=\toks26
\multlinegap=\skip45
\multlinetaggap=\skip46
\mathdisplay@stack=\toks27
LaTeX Info: Redefining \[ on input line 2665.
LaTeX Info: Redefining \] on input line 2666.
)
(/usr/local/texlive/2014/texmf-dist/tex/latex/tools/calc.sty
Package: calc 2007/08/22 v4.3 Infix arithmetic (KKT,FJ)
\calc@Acount=\count105
\calc@Bcount=\count106
\calc@Adimen=\dimen125
\calc@Bdimen=\dimen126
\calc@Askip=\skip47
\calc@Bskip=\skip48
LaTeX Info: Redefining \setlength on input line 75.
LaTeX Info: Redefining \addtolength on input line 76.
\calc@Ccount=\count107
\calc@Cskip=\skip49
)
(/usr/local/texlive/2014/texmf-dist/tex/latex/caption/caption.sty
Package: caption 2013/05/02 v3.3-89 Customizing captions (AR)

(/usr/local/texlive/2014/texmf-dist/tex/latex/caption/caption3.sty
Package: caption3 2013/05/02 v1.6-88 caption3 kernel (AR)
Package caption3 Info: TeX engine: e-TeX on input line 57.
\captionmargin=\dimen127
\captionmargin@=\dimen128
\captionwidth=\dimen129
\caption@tempdima=\dimen130
\caption@indent=\dimen131
\caption@parindent=\dimen132
\caption@hangindent=\dimen133
)
\c@ContinuedFloat=\count108
)
(/usr/local/texlive/2014/texmf-dist/tex/latex/wasysym/wasysym.sty
Package: wasysym 2003/10/30 v2.0 Wasy-2 symbol support package
\symwasy=\mathgroup4
LaTeX Font Info:    Overwriting symbol font `wasy' in version `bold'
(Font)                  U/wasy/m/n --> U/wasy/b/n on input line 90.
)
(/usr/local/texlive/2014/texmf-dist/tex/latex/footmisc/footmisc.sty
Package: footmisc 2011/06/06 v5.5b a miscellany of footnote facilities
\FN@temptoken=\toks28
\footnotemargin=\dimen134
\c@pp@next@reset=\count109
Package footmisc Info: Declaring symbol style bringhurst on input line 855.
Package footmisc Info: Declaring symbol style chicago on input line 863.
Package footmisc Info: Declaring symbol style wiley on input line 872.
Package footmisc Info: Declaring symbol style lamport-robust on input line 883.

Package footmisc Info: Declaring symbol style lamport* on input line 903.
Package footmisc Info: Declaring symbol style lamport*-robust on input line 924
.
)
(/usr/local/texlive/2014/texmf-dist/tex/latex/base/makeidx.sty
Package: makeidx 2000/03/29 v1.0m Standard LaTeX package
)
(/usr/local/texlive/2014/texmf-dist/tex/latex/base/ifthen.sty
Package: ifthen 2001/05/26 v1.1c Standard LaTeX ifthen package (DPC)
)
(/usr/local/texlive/2014/texmf-dist/tex/latex/subfigure/subfigure.sty
Package: subfigure 2002/03/15 v2.1.5 subfigure package
\subfigtopskip=\skip50
\subfigcapskip=\skip51
\subfigcaptopadj=\dimen135
\subfigbottomskip=\skip52
\subfigcapmargin=\dimen136
\subfiglabelskip=\skip53
\c@subfigure=\count110
\c@lofdepth=\count111
\c@subtable=\count112
\c@lotdepth=\count113

****************************************
* Local config file subfigure.cfg used *
****************************************
(/usr/local/texlive/2014/texmf-dist/tex/latex/subfigure/subfigure.cfg)
\subfig@top=\skip54
\subfig@bottom=\skip55
)
(/usr/local/texlive/2014/texmf-dist/tex/latex/tools/multicol.sty
Package: multicol 2014/04/23 v1.8e multicolumn formatting (FMi)
\c@tracingmulticols=\count114
\mult@box=\box28
\multicol@leftmargin=\dimen137
\c@unbalance=\count115
\c@collectmore=\count116
\doublecol@number=\count117
\multicoltolerance=\count118
\multicolpretolerance=\count119
\full@width=\dimen138
\page@free=\dimen139
\premulticols=\dimen140
\postmulticols=\dimen141
\multicolsep=\skip56
\multicolbaselineskip=\skip57
\partial@page=\box29
\last@line=\box30
\maxbalancingoverflow=\dimen142
\mult@rightbox=\box31
\mult@grightbox=\box32
\mult@gfirstbox=\box33
\mult@firstbox=\box34
\@tempa=\box35
\@tempa=\box36
\@tempa=\box37
\@tempa=\box38
\@tempa=\box39
\@tempa=\box40
\@tempa=\box41
\@tempa=\box42
\@tempa=\box43
\@tempa=\box44
\@tempa=\box45
\@tempa=\box46
\@tempa=\box47
\@tempa=\box48
\@tempa=\box49
\@tempa=\box50
\@tempa=\box51
\c@columnbadness=\count120
\c@finalcolumnbadness=\count121
\last@try=\dimen143
\multicolovershoot=\dimen144
\multicolundershoot=\dimen145
\mult@nat@firstbox=\box52
\colbreak@box=\box53
\mc@col@check@num=\count122
)
(/usr/local/texlive/2014/texmf-dist/tex/latex/oberdiek/epstopdf.sty
Package: epstopdf 2010/02/09 v2.5 Conversion with epstopdf on the fly (HO)

(/usr/local/texlive/2014/texmf-dist/tex/latex/oberdiek/epstopdf-base.sty
Package: epstopdf-base 2010/02/09 v2.5 Base part for package epstopdf

(/usr/local/texlive/2014/texmf-dist/tex/latex/oberdiek/grfext.sty
Package: grfext 2010/08/19 v1.1 Manage graphics extensions (HO)

(/usr/local/texlive/2014/texmf-dist/tex/generic/oberdiek/kvdefinekeys.sty
Package: kvdefinekeys 2011/04/07 v1.3 Define keys (HO)
))
(/usr/local/texlive/2014/texmf-dist/tex/latex/oberdiek/kvoptions.sty
Package: kvoptions 2011/06/30 v3.11 Key value format for package options (HO)

(/usr/local/texlive/2014/texmf-dist/tex/generic/oberdiek/kvsetkeys.sty
Package: kvsetkeys 2012/04/25 v1.16 Key value parser (HO)

(/usr/local/texlive/2014/texmf-dist/tex/generic/oberdiek/etexcmds.sty
Package: etexcmds 2011/02/16 v1.5 Avoid name clashes with e-TeX commands (HO)

(/usr/local/texlive/2014/texmf-dist/tex/generic/oberdiek/ifluatex.sty
Package: ifluatex 2010/03/01 v1.3 Provides the ifluatex switch (HO)
Package ifluatex Info: LuaTeX not detected.
)
Package etexcmds Info: Could not find \expanded.
(etexcmds)             That can mean that you are not using pdfTeX 1.50 or
(etexcmds)             that some package has redefined \expanded.
(etexcmds)             In the latter case, load this package earlier.
)))
(/usr/local/texlive/2014/texmf-dist/tex/generic/oberdiek/pdftexcmds.sty
Package: pdftexcmds 2011/11/29 v0.20 Utility functions of pdfTeX for LuaTeX (HO
)
Package pdftexcmds Info: LuaTeX not detected.
Package pdftexcmds Info: \pdf@primitive is available.
Package pdftexcmds Info: \pdf@ifprimitive is available.
Package pdftexcmds Info: \pdfdraftmode found.
)
Package grfext Info: Graphics extension search list:
(grfext)             [.png,.pdf,.jpg,.mps,.jpeg,.jbig2,.jb2,.PNG,.PDF,.JPG,.JPE
G,.JBIG2,.JB2,.eps]
(grfext)             \AppendGraphicsExtensions on input line 452.

(/usr/local/texlive/2014/texmf-dist/tex/latex/latexconfig/epstopdf-sys.cfg
File: epstopdf-sys.cfg 2010/07/13 v1.3 Configuration of (r)epstopdf for TeX Liv
e
)))
(/usr/local/texlive/2014/texmf-dist/tex/latex/tools/enumerate.sty
Package: enumerate 1999/03/05 v3.00 enumerate extensions (DPC)
\@enLab=\toks29
)
(/usr/local/texlive/2014/texmf-dist/tex/latex/wrapfig/wrapfig.sty
\wrapoverhang=\dimen146
\WF@size=\dimen147
\c@WF@wrappedlines=\count123
\WF@box=\box54
\WF@everypar=\toks30
Package: wrapfig 2003/01/31  v 3.6
)
(/usr/local/texlive/2014/texmf-dist/tex/latex/base/textcomp.sty
Package: textcomp 2005/09/27 v1.99g Standard LaTeX package
Package textcomp Info: Sub-encoding information:
(textcomp)               5 = only ISO-Adobe without \textcurrency
(textcomp)               4 = 5 + \texteuro
(textcomp)               3 = 4 + \textohm
(textcomp)               2 = 3 + \textestimated + \textcurrency
(textcomp)               1 = TS1 - \textcircled - \t
(textcomp)               0 = TS1 (full)
(textcomp)             Font families with sub-encoding setting implement
(textcomp)             only a restricted character set as indicated.
(textcomp)             Family '?' is the default used for unknown fonts.
(textcomp)             See the documentation for details.
Package textcomp Info: Setting ? sub-encoding to TS1/1 on input line 71.

(/usr/local/texlive/2014/texmf-dist/tex/latex/base/ts1enc.def
File: ts1enc.def 2001/06/05 v3.0e (jk/car/fm) Standard LaTeX file
)
LaTeX Info: Redefining \oldstylenums on input line 266.
Package textcomp Info: Setting cmr sub-encoding to TS1/0 on input line 281.
Package textcomp Info: Setting cmss sub-encoding to TS1/0 on input line 282.
Package textcomp Info: Setting cmtt sub-encoding to TS1/0 on input line 283.
Package textcomp Info: Setting cmvtt sub-encoding to TS1/0 on input line 284.
Package textcomp Info: Setting cmbr sub-encoding to TS1/0 on input line 285.
Package textcomp Info: Setting cmtl sub-encoding to TS1/0 on input line 286.
Package textcomp Info: Setting ccr sub-encoding to TS1/0 on input line 287.
Package textcomp Info: Setting ptm sub-encoding to TS1/4 on input line 288.
Package textcomp Info: Setting pcr sub-encoding to TS1/4 on input line 289.
Package textcomp Info: Setting phv sub-encoding to TS1/4 on input line 290.
Package textcomp Info: Setting ppl sub-encoding to TS1/3 on input line 291.
Package textcomp Info: Setting pag sub-encoding to TS1/4 on input line 292.
Package textcomp Info: Setting pbk sub-encoding to TS1/4 on input line 293.
Package textcomp Info: Setting pnc sub-encoding to TS1/4 on input line 294.
Package textcomp Info: Setting pzc sub-encoding to TS1/4 on input line 295.
Package textcomp Info: Setting bch sub-encoding to TS1/4 on input line 296.
Package textcomp Info: Setting put sub-encoding to TS1/5 on input line 297.
Package textcomp Info: Setting uag sub-encoding to TS1/5 on input line 298.
Package textcomp Info: Setting ugq sub-encoding to TS1/5 on input line 299.
Package textcomp Info: Setting ul8 sub-encoding to TS1/4 on input line 300.
Package textcomp Info: Setting ul9 sub-encoding to TS1/4 on input line 301.
Package textcomp Info: Setting augie sub-encoding to TS1/5 on input line 302.
Package textcomp Info: Setting dayrom sub-encoding to TS1/3 on input line 303.
Package textcomp Info: Setting dayroms sub-encoding to TS1/3 on input line 304.

Package textcomp Info: Setting pxr sub-encoding to TS1/0 on input line 305.
Package textcomp Info: Setting pxss sub-encoding to TS1/0 on input line 306.
Package textcomp Info: Setting pxtt sub-encoding to TS1/0 on input line 307.
Package textcomp Info: Setting txr sub-encoding to TS1/0 on input line 308.
Package textcomp Info: Setting txss sub-encoding to TS1/0 on input line 309.
Package textcomp Info: Setting txtt sub-encoding to TS1/0 on input line 310.
Package textcomp Info: Setting lmr sub-encoding to TS1/0 on input line 311.
Package textcomp Info: Setting lmdh sub-encoding to TS1/0 on input line 312.
Package textcomp Info: Setting lmss sub-encoding to TS1/0 on input line 313.
Package textcomp Info: Setting lmssq sub-encoding to TS1/0 on input line 314.
Package textcomp Info: Setting lmvtt sub-encoding to TS1/0 on input line 315.
Package textcomp Info: Setting qhv sub-encoding to TS1/0 on input line 316.
Package textcomp Info: Setting qag sub-encoding to TS1/0 on input line 317.
Package textcomp Info: Setting qbk sub-encoding to TS1/0 on input line 318.
Package textcomp Info: Setting qcr sub-encoding to TS1/0 on input line 319.
Package textcomp Info: Setting qcs sub-encoding to TS1/0 on input line 320.
Package textcomp Info: Setting qpl sub-encoding to TS1/0 on input line 321.
Package textcomp Info: Setting qtm sub-encoding to TS1/0 on input line 322.
Package textcomp Info: Setting qzc sub-encoding to TS1/0 on input line 323.
Package textcomp Info: Setting qhvc sub-encoding to TS1/0 on input line 324.
Package textcomp Info: Setting futs sub-encoding to TS1/4 on input line 325.
Package textcomp Info: Setting futx sub-encoding to TS1/4 on input line 326.
Package textcomp Info: Setting futj sub-encoding to TS1/4 on input line 327.
Package textcomp Info: Setting hlh sub-encoding to TS1/3 on input line 328.
Package textcomp Info: Setting hls sub-encoding to TS1/3 on input line 329.
Package textcomp Info: Setting hlst sub-encoding to TS1/3 on input line 330.
Package textcomp Info: Setting hlct sub-encoding to TS1/5 on input line 331.
Package textcomp Info: Setting hlx sub-encoding to TS1/5 on input line 332.
Package textcomp Info: Setting hlce sub-encoding to TS1/5 on input line 333.
Package textcomp Info: Setting hlcn sub-encoding to TS1/5 on input line 334.
Package textcomp Info: Setting hlcw sub-encoding to TS1/5 on input line 335.
Package textcomp Info: Setting hlcf sub-encoding to TS1/5 on input line 336.
Package textcomp Info: Setting pplx sub-encoding to TS1/3 on input line 337.
Package textcomp Info: Setting pplj sub-encoding to TS1/3 on input line 338.
Package textcomp Info: Setting ptmx sub-encoding to TS1/4 on input line 339.
Package textcomp Info: Setting ptmj sub-encoding to TS1/4 on input line 340.
)
(/usr/local/texlive/2014/texmf-dist/tex/latex/multirow/multirow.sty
\bigstrutjot=\dimen148
)
(/usr/local/texlive/2014/texmf-dist/tex/latex/changepage/changepage.sty
Package: changepage 2009/10/20 v1.0c check page and change page layout
\c@cp@cntr=\count124
\cp@tempcnt=\count125
)
(/usr/local/texlive/2014/texmf-dist/tex/latex/setspace/setspace.sty
Package: setspace 2011/12/19 v6.7a set line spacing
)
(/usr/local/texlive/2014/texmf-dist/tex/latex/graphics/lscape.sty
Package: lscape 2000/10/22 v3.01 Landscape Pages (DPC)
)
(/usr/local/texlive/2014/texmf-dist/tex/latex/titlesec/titlesec.sty
Package: titlesec 2011/12/15 v2.10.0 Sectioning titles
\ttl@box=\box55
\beforetitleunit=\skip58
\aftertitleunit=\skip59
\ttl@plus=\dimen149
\ttl@minus=\dimen150
\ttl@toksa=\toks31
\titlewidth=\dimen151
\titlewidthlast=\dimen152
\titlewidthfirst=\dimen153
)
(/usr/local/texlive/2014/texmf-dist/tex/latex/url/url.sty
\Urlmuskip=\muskip11
Package: url 2013/09/16  ver 3.4  Verb mode for urls, etc.
)
(/usr/local/texlive/2014/texmf-dist/tex/latex/graphics/color.sty
Package: color 2014/04/23 v1.1a Standard LaTeX Color (DPC)

(/usr/local/texlive/2014/texmf-dist/tex/latex/latexconfig/color.cfg
File: color.cfg 2007/01/18 v1.5 color configuration of teTeX/TeXLive
)
Package color Info: Driver file: pdftex.def on input line 137.

(/usr/local/texlive/2014/texmf-dist/tex/latex/graphics/dvipsnam.def
File: dvipsnam.def 2014/04/23 v3.0j Driver-dependant file (DPC,SPQR)
))
\@input{extraTeX/style/colorsV1.aux}
\openout2 = `extraTeX/style/colorsV1.aux'.

(./extraTeX/style/colorsV1.tex)
(/usr/local/texlive/2014/texmf-dist/tex/latex/hyperref/hyperref.sty
Package: hyperref 2012/11/06 v6.83m Hypertext links for LaTeX

(/usr/local/texlive/2014/texmf-dist/tex/generic/oberdiek/hobsub-hyperref.sty
Package: hobsub-hyperref 2012/05/28 v1.13 Bundle oberdiek, subset hyperref (HO)


(/usr/local/texlive/2014/texmf-dist/tex/generic/oberdiek/hobsub-generic.sty
Package: hobsub-generic 2012/05/28 v1.13 Bundle oberdiek, subset generic (HO)
Package: hobsub 2012/05/28 v1.13 Construct package bundles (HO)
Package hobsub Info: Skipping package `infwarerr' (already loaded).
Package hobsub Info: Skipping package `ltxcmds' (already loaded).
Package hobsub Info: Skipping package `ifluatex' (already loaded).
Package hobsub Info: Skipping package `ifvtex' (already loaded).
Package: intcalc 2007/09/27 v1.1 Expandable calculations with integers (HO)
Package hobsub Info: Skipping package `ifpdf' (already loaded).
Package hobsub Info: Skipping package `etexcmds' (already loaded).
Package hobsub Info: Skipping package `kvsetkeys' (already loaded).
Package hobsub Info: Skipping package `kvdefinekeys' (already loaded).
Package hobsub Info: Skipping package `pdftexcmds' (already loaded).
Package: pdfescape 2011/11/25 v1.13 Implements pdfTeX's escape features (HO)
Package: bigintcalc 2012/04/08 v1.3 Expandable calculations on big integers (HO
)
Package: bitset 2011/01/30 v1.1 Handle bit-vector datatype (HO)
Package: uniquecounter 2011/01/30 v1.2 Provide unlimited unique counter (HO)
)
Package hobsub Info: Skipping package `hobsub' (already loaded).
Package: letltxmacro 2010/09/02 v1.4 Let assignment for LaTeX macros (HO)
Package: hopatch 2012/05/28 v1.2 Wrapper for package hooks (HO)
Package: xcolor-patch 2011/01/30 xcolor patch
Package: atveryend 2011/06/30 v1.8 Hooks at the very end of document (HO)
Package atveryend Info: \enddocument detected (standard20110627).
Package: atbegshi 2011/10/05 v1.16 At begin shipout hook (HO)
Package: refcount 2011/10/16 v3.4 Data extraction from label references (HO)
Package: hycolor 2011/01/30 v1.7 Color options for hyperref/bookmark (HO)
)
(/usr/local/texlive/2014/texmf-dist/tex/latex/oberdiek/auxhook.sty
Package: auxhook 2011/03/04 v1.3 Hooks for auxiliary files (HO)
)
\@linkdim=\dimen154
\Hy@linkcounter=\count126
\Hy@pagecounter=\count127

(/usr/local/texlive/2014/texmf-dist/tex/latex/hyperref/pd1enc.def
File: pd1enc.def 2012/11/06 v6.83m Hyperref: PDFDocEncoding definition (HO)
)
\Hy@SavedSpaceFactor=\count128

(/usr/local/texlive/2014/texmf-dist/tex/latex/latexconfig/hyperref.cfg
File: hyperref.cfg 2002/06/06 v1.2 hyperref configuration of TeXLive
)
Package hyperref Info: Option `bookmarksnumbered' set `true' on input line 4319
.
Package hyperref Info: Option `colorlinks' set `false' on input line 4319.


Package hyperref Warning: Invalid value `000'
(hyperref)                for option `pdfborder'.
(hyperref)                Option setting is ignored on input line 4319.

Package hyperref Info: Option `colorlinks' set `true' on input line 4319.

Package hyperref Warning: Unexpected value `true'
(hyperref)                of option `backref' instead of
(hyperref)                `section', `slide', `page', `none',
(hyperref)                or `false' on input line 4319.

Package hyperref Info: Hyper figures OFF on input line 4443.
Package hyperref Info: Link nesting OFF on input line 4448.
Package hyperref Info: Hyper index ON on input line 4451.
Package hyperref Info: Plain pages OFF on input line 4458.
Package hyperref Info: Backreferencing OFF on input line 4463.
Package hyperref Info: Implicit mode ON; LaTeX internals redefined.
Package hyperref Info: Bookmarks ON on input line 4688.
\c@Hy@tempcnt=\count129
LaTeX Info: Redefining \url on input line 5041.
\XeTeXLinkMargin=\dimen155
\Fld@menulength=\count130
\Field@Width=\dimen156
\Fld@charsize=\dimen157
Package hyperref Info: Hyper figures OFF on input line 6295.
Package hyperref Info: Link nesting OFF on input line 6300.
Package hyperref Info: Hyper index ON on input line 6303.
Package hyperref Info: backreferencing OFF on input line 6310.
Package hyperref Info: Link coloring ON on input line 6313.
Package hyperref Info: Link coloring with OCG OFF on input line 6320.
Package hyperref Info: PDF/A mode OFF on input line 6325.
LaTeX Info: Redefining \ref on input line 6365.
LaTeX Info: Redefining \pageref on input line 6369.
\Hy@abspage=\count131
\c@Item=\count132
\c@Hfootnote=\count133
)

Package hyperref Message: Driver (autodetected): hpdftex.

(/usr/local/texlive/2014/texmf-dist/tex/latex/hyperref/hpdftex.def
File: hpdftex.def 2012/11/06 v6.83m Hyperref driver for pdfTeX
\Fld@listcount=\count134
\c@bookmark@seq@number=\count135

(/usr/local/texlive/2014/texmf-dist/tex/latex/oberdiek/rerunfilecheck.sty
Package: rerunfilecheck 2011/04/15 v1.7 Rerun checks for auxiliary files (HO)
Package uniquecounter Info: New unique counter `rerunfilecheck' on input line 2
82.
)
\Hy@SectionHShift=\skip60
)
(/usr/local/texlive/2014/texmf-dist/tex/latex/biblatex/biblatex.sty
Package: biblatex 2013/11/25 v2.8a programmable bibliographies (PK/JW/AB)

(/usr/local/texlive/2014/texmf-dist/tex/latex/biblatex/biblatex1.sty
Package: biblatex1 2013/11/25 v2.8a programmable bibliographies (bibtex) (PK/JW
/AB)

(/usr/local/texlive/2014/texmf-dist/tex/latex/etoolbox/etoolbox.sty
Package: etoolbox 2011/01/03 v2.1 e-TeX tools for LaTeX

(/usr/local/texlive/2014/texmf-dist/tex/latex/etex-pkg/etex.sty
Package: etex 1998/03/26 v2.0 eTeX basic definition package (PEB)
\et@xins=\count136
)
\etb@tempcnta=\count137
)
(/usr/local/texlive/2014/texmf-dist/tex/latex/logreq/logreq.sty
Package: logreq 2010/08/04 v1.0 xml request logger
\lrq@indent=\count138

(/usr/local/texlive/2014/texmf-dist/tex/latex/logreq/logreq.def
File: logreq.def 2010/08/04 v1.0 logreq spec v1.0
))
\c@tabx@nest=\count139
\c@listtotal=\count140
\c@listcount=\count141
\c@liststart=\count142
\c@liststop=\count143
\c@citecount=\count144
\c@citetotal=\count145
\c@multicitecount=\count146
\c@multicitetotal=\count147
\c@instcount=\count148
\c@maxnames=\count149
\c@minnames=\count150
\c@maxitems=\count151
\c@minitems=\count152
\c@citecounter=\count153
\c@savedcitecounter=\count154
\c@uniquelist=\count155
\c@uniquename=\count156
\c@refsection=\count157
\c@refsegment=\count158
\c@maxextrayear=\count159
\c@maxextraalpha=\count160
\c@abbrvpenalty=\count161
\c@highnamepenalty=\count162
\c@lownamepenalty=\count163
\c@maxparens=\count164
\c@parenlevel=\count165
\blx@tempcnta=\count166
\blx@tempcntb=\count167
\blx@tempcntc=\count168
\blx@maxsection=\count169
\blx@maxsegment=\count170
\blx@notetype=\count171
\blx@parenlevel@text=\count172
\blx@parenlevel@foot=\count173
\labelnumberwidth=\skip61
\labelalphawidth=\skip62
\shorthandwidth=\skip63
\biblabelsep=\skip64
\bibitemsep=\skip65
\bibnamesep=\skip66
\bibinitsep=\skip67
\bibparsep=\skip68
\bibhang=\skip69
\blx@auxin=\read2
\blx@auxout=\write3
\c@mincomprange=\count174
\c@maxcomprange=\count175
\c@mincompwidth=\count176
\c@labelname=\count177
\c@savedlabelname=\count178
\c@author=\count179
\c@savedauthor=\count180
\c@shortauthor=\count181
\c@savedshortauthor=\count182
\c@editor=\count183
\c@savededitor=\count184
\c@editora=\count185
\c@savededitora=\count186
\c@editorb=\count187
\c@savededitorb=\count188
\c@editorc=\count189
\c@savededitorc=\count190
\c@shorteditor=\count191
\c@savedshorteditor=\count192
\c@bookauthor=\count193
\c@savedbookauthor=\count194
\c@translator=\count195
\c@savedtranslator=\count196
\c@annotator=\count197
\c@savedannotator=\count198
\c@commentator=\count199
\c@savedcommentator=\count200
\c@introduction=\count201
\c@savedintroduction=\count202
\c@foreword=\count203
\c@savedforeword=\count204
\c@afterword=\count205
\c@savedafterword=\count206
\c@holder=\count207
\c@savedholder=\count208
\c@namea=\count209
\c@savednamea=\count210
\c@nameb=\count211
\c@savednameb=\count212
\c@namec=\count213
\c@savednamec=\count214
\c@institution=\count215
\c@savedinstitution=\count216
\c@language=\count217
\c@savedlanguage=\count218
\c@location=\count219
\c@savedlocation=\count220
\c@organization=\count221
\c@savedorganization=\count222
\c@origlocation=\count223
\c@savedoriglocation=\count224
\c@origpublisher=\count225
\c@savedorigpublisher=\count226
\c@pageref=\count227
\c@savedpageref=\count228
\c@publisher=\count229
\c@savedpublisher=\count230
\c@lista=\count231
\c@savedlista=\count232
\c@listb=\count233
Normal \count register pool exhausted, switching to extended pool.
\c@savedlistb=\count277
\c@listc=\count278
\c@savedlistc=\count279
\c@listd=\count280
\c@savedlistd=\count281
\c@liste=\count282
\c@savedliste=\count283
\c@listf=\count284
\c@savedlistf=\count285
Package biblatex Info: Trying to load compatibility code...
Package biblatex Info: ... file 'blx-compat.def' found.

(/usr/local/texlive/2014/texmf-dist/tex/latex/biblatex/blx-compat.def
File: blx-compat.def 2013/11/25 v2.8a biblatex compatibility (PK/JW/AB)
)
Package biblatex Info: Trying to load generic definitions...
Package biblatex Info: ... file 'biblatex.def' found.

(/usr/local/texlive/2014/texmf-dist/tex/latex/biblatex/biblatex.def
File: biblatex.def 
\c@textcitecount=\count286
\c@textcitetotal=\count287
\c@textcitemaxnames=\count288
\c@biburlnumpenalty=\count289
\c@biburlucpenalty=\count290
\c@biburllcpenalty=\count291
\c@smartand=\count292
)
Package biblatex Info: Trying to load natbib compatibility...
Package biblatex Info: ... file 'blx-natbib.def' found.

(/usr/local/texlive/2014/texmf-dist/tex/latex/biblatex/blx-natbib.def
File: blx-natbib.def 2013/11/25 v2.8a biblatex compatibility (PK/JW/AB)
)
Package biblatex Info: Trying to load bibliography style 'authortitle-ibid'...
Package biblatex Info: ... file 'authortitle-ibid.bbx' found.

(/usr/local/texlive/2014/texmf-dist/tex/latex/biblatex/bbx/authortitle-ibid.bbx
File: authortitle-ibid.bbx 2013/11/25 v2.8a biblatex bibliography style (PK/JW/
AB)
Package biblatex Info: Trying to load bibliography style 'authortitle'...
Package biblatex Info: ... file 'authortitle.bbx' found.
(/usr/local/texlive/2014/texmf-dist/tex/latex/biblatex/bbx/authortitle.bbx
File: authortitle.bbx 2013/11/25 v2.8a biblatex bibliography style (PK/JW/AB)
Package biblatex Info: Trying to load bibliography style 'standard'...
Package biblatex Info: ... file 'standard.bbx' found.

(/usr/local/texlive/2014/texmf-dist/tex/latex/biblatex/bbx/standard.bbx
File: standard.bbx 2013/11/25 v2.8a biblatex bibliography style (PK/JW/AB)
\c@bbx:relatedcount=\count293
\c@bbx:relatedtotal=\count294
)))
Package biblatex Info: Trying to load citation style 'authortitle-ibid'...
Package biblatex Info: ... file 'authortitle-ibid.cbx' found.

(/usr/local/texlive/2014/texmf-dist/tex/latex/biblatex/cbx/authortitle-ibid.cbx
File: authortitle-ibid.cbx 2013/11/25 v2.8a biblatex citation style (PK/JW/AB)
Package biblatex Info: Redefining '\cite'.
Package biblatex Info: Redefining '\parencite'.
Package biblatex Info: Redefining '\footcite'.
Package biblatex Info: Redefining '\footcitetext'.
Package biblatex Info: Redefining '\smartcite'.
Package biblatex Info: Redefining '\textcite'.
Package biblatex Info: Redefining '\textcites'.
)
Package biblatex Info: Trying to load configuration file...
Package biblatex Info: ... file 'biblatex.cfg' found.
 (/usr/local/texlive/2014/texmf-dist/tex/latex/biblatex/biblatex.cfg
File: biblatex.cfg 
)))
\@indexfile=\write4
\openout4 = `main.idx'.


Writing index file main.idx
\@input{extraTeX/style/style.aux}
\openout2 = `extraTeX/style/style.aux'.

(./extraTeX/style/style.tex
\c@alwaysOne=\count295
\c@alwaysTwo=\count296
\c@alwaysThree=\count297
\c@alwaysFour=\count298
\c@withinChNum=\count299
\c@eoce=\count300
\c@eocesolch=\count301
\c@eocesol=\count302
\exampleAboveBar=\skip70
\exampleBelowBar=\skip71
\mycaptionwidth=\skip72
)
\@input{extraTeX/preamble/title_derivative_oi_biostat.aux}
\openout2 = `extraTeX/preamble/title_derivative_oi_biostat.aux'.

(./extraTeX/preamble/title_derivative_oi_biostat.tex)
Package biblatex Info: Trying to load language 'english'...
Package biblatex Info: ... file 'english.lbx' found.

(/usr/local/texlive/2014/texmf-dist/tex/latex/biblatex/lbx/english.lbx
File: english.lbx 2013/11/25 v2.8a biblatex localization (PK/JW/AB)
)
\@quotelevel=\count303
\@quotereset=\count304

(./main.aux (./extraTeX/preamble/copyright.aux)
(./extraTeX/preamble/preface_oi_biostat.aux)
(./ch_inference_foundations_oi_biostat/TeX/ch_inference_foundations_oi_biostat.
aux

LaTeX Warning: Label `2ndSchSleepHTExample' multiply defined.

)
(./ch_inference_foundations_oi_biostat/TeX/ch_inference_foundations_oi_biostat_
ex.aux) (./extraTeX/index/index.aux))
\openout1 = `main.aux'.

LaTeX Font Info:    Checking defaults for OML/cmm/m/it on input line 24.
LaTeX Font Info:    ... okay on input line 24.
LaTeX Font Info:    Checking defaults for T1/cmr/m/n on input line 24.
LaTeX Font Info:    ... okay on input line 24.
LaTeX Font Info:    Checking defaults for OT1/cmr/m/n on input line 24.
LaTeX Font Info:    ... okay on input line 24.
LaTeX Font Info:    Checking defaults for OMS/cmsy/m/n on input line 24.
LaTeX Font Info:    ... okay on input line 24.
LaTeX Font Info:    Checking defaults for OMX/cmex/m/n on input line 24.
LaTeX Font Info:    ... okay on input line 24.
LaTeX Font Info:    Checking defaults for U/cmr/m/n on input line 24.
LaTeX Font Info:    ... okay on input line 24.
LaTeX Font Info:    Checking defaults for TS1/cmr/m/n on input line 24.
LaTeX Font Info:    Try loading font information for TS1+cmr on input line 24.

(/usr/local/texlive/2014/texmf-dist/tex/latex/base/ts1cmr.fd
File: ts1cmr.fd 1999/05/25 v2.5h Standard LaTeX font definitions
)
LaTeX Font Info:    ... okay on input line 24.
LaTeX Font Info:    Checking defaults for PD1/pdf/m/n on input line 24.
LaTeX Font Info:    ... okay on input line 24.

*geometry* driver: auto-detecting
*geometry* detected driver: pdftex
*geometry* verbose mode - [ preamble ] result:
* driver: pdftex
* paper: <default>
* layout: <same size as paper>
* layoutoffset:(h,v)=(0.0pt,0.0pt)
* modes: twoside 
* h-part:(L,W,R)=(73.71613pt, 430.00462pt, 110.57425pt)
* v-part:(T,H,B)=(95.39737pt, 556.47656pt, 143.09605pt)
* \paperwidth=578.15999pt
* \paperheight=722.7pt
* \textwidth=393.87128pt
* \textheight=596.2275pt
* \oddsidemargin=8.53581pt
* \evensidemargin=8.53581pt
* \topmargin=-6.94011pt
* \headheight=12.0pt
* \headsep=18.06749pt
* \topskip=10.0pt
* \footskip=25.29494pt
* \marginparwidth=56.9055pt
* \marginparsep=14.22636pt
* \columnsep=10.0pt
* \skip\footins=9.0pt plus 4.0pt minus 2.0pt
* \hoffset=10.5275pt
* \voffset=-28.45274pt
* \mag=1000
* \@twocolumnfalse
* \@twosidetrue
* \@mparswitchtrue
* \@reversemarginfalse
* (1in=72.27pt=25.4mm, 1cm=28.453pt)

(/usr/local/texlive/2014/texmf-dist/tex/context/base/supp-pdf.mkii
[Loading MPS to PDF converter (version 2006.09.02).]
\scratchcounter=\count305
\scratchdimen=\dimen158
\scratchbox=\box56
\nofMPsegments=\count306
\nofMParguments=\count307
\everyMPshowfont=\toks32
\MPscratchCnt=\count308
\MPscratchDim=\dimen159
\MPnumerator=\count309
\makeMPintoPDFobject=\count310
\everyMPtoPDFconversion=\toks33
)
Package caption Info: Begin \AtBeginDocument code.
Package caption Info: hyperref package is loaded.
Package caption Info: subfigure package is loaded.
Package caption Info: wrapfig package is loaded.
Package caption Info: End \AtBeginDocument code.
\AtBeginShipoutBox=\box57
Package hyperref Info: Link coloring ON on input line 24.
 (/usr/local/texlive/2014/texmf-dist/tex/latex/hyperref/nameref.sty
Package: nameref 2012/10/27 v2.43 Cross-referencing by name of section

(/usr/local/texlive/2014/texmf-dist/tex/generic/oberdiek/gettitlestring.sty
Package: gettitlestring 2010/12/03 v1.4 Cleanup title references (HO)
)
\c@section@level=\count311
LaTeX Info: Redefining \Ref on input line 513.
)
LaTeX Info: Redefining \ref on input line 24.
LaTeX Info: Redefining \pageref on input line 24.
LaTeX Info: Redefining \nameref on input line 24.

(./main.out) (./main.out)
\@outlinefile=\write5
\openout5 = `main.out'.

LaTeX Info: Redefining \Ref on input line 24.
Package biblatex Info: No input encoding detected.
(biblatex)             Assuming 'ascii'.
Package biblatex Info: Automatic encoding selection.
(biblatex)             Assuming data encoding 'ascii'.
\openout3 = `main-blx.bib'.

Package biblatex Info: Trying to load bibliographic data...


Package biblatex Warning: File 'main.bbl' created by wrong version.

Package biblatex Info: ... file 'main.bbl' found.
(./main.bbl)
Package biblatex Info: Reference section=0 on input line 24.
Package biblatex Info: Reference segment=0 on input line 24.
LaTeX Font Info:    Try loading font information for U+wasy on input line 27.
 (/usr/local/texlive/2014/texmf-dist/tex/latex/wasysym/uwasy.fd
File: uwasy.fd 2003/10/30 v2.0 Wasy-2 symbol font definitions
)
[1








{/usr/local/texlive/2014/texmf-var/fonts/map/pdftex/updmap/pdftex.map}]
\openout2 = `extraTeX/preamble/copyright.aux'.


(./extraTeX/preamble/copyright.tex
Underfull \hbox (badness 10000) in paragraph at lines 4--5

 []


Underfull \hbox (badness 10000) in paragraph at lines 6--7

 []

)pdfTeX warning (ext4): destination with the same identifier (name{page.}) has 
been already used, duplicate ignored
<to be read again> 
                   \relax 
l.27 \include{extraTeX/preamble/copyright}
                                          %_derivative} [2


] (./main.toc)
\tf@toc=\write6
\openout6 = `main.toc'.


[3


]
\openout2 = `extraTeX/preamble/preface_oi_biostat.aux'.

 (./extraTeX/preamble/preface_oi_biostat.tex [4


]

LaTeX Warning: Reference `modeling' on page 5 undefined on input line 42.


LaTeX Warning: Reference `multipleAndLogisticRegression' on page 5 undefined on
 input line 42.


LaTeX Warning: Reference `introductionToData' on page 5 undefined on input line
 49.


Overfull \hbox (0.10315pt too wide) in paragraph at lines 49--50
[]\OT1/cmr/m/n/10 An in-tro-duc-tion to re-gres-sion with two vari-ables.
 []

[5]

LaTeX Warning: Reference `eoceSolutions' on page 6 undefined on input line 75.


LaTeX Warning: Reference `distributionTables' on page 6 undefined on input line
 77.

[6]) [7]
\openout2 = `ch_inference_foundations_oi_biostat/TeX/ch_inference_foundations_o
i_biostat.aux'.


(./ch_inference_foundations_oi_biostat/TeX/ch_inference_foundations_oi_biostat.
tex
Chapter 4.
[8



]

Package caption Warning: \label without proper \caption on input line 47.
See the caption package documentation for explanation.


LaTeX Warning: Reference `brfssBMIVariables' on page 9 undefined on input line 
34.

[9]
<ch_inference_foundations_oi_biostat/figures/brfssBMIsampHistograms/brfssBMIsam
pHistograms.pdf, id=143, 505.89pt x 216.81pt>
File: ch_inference_foundations_oi_biostat/figures/brfssBMIsampHistograms/brfssB
MIsampHistograms.pdf Graphic file (type pdf)

<use ch_inference_foundations_oi_biostat/figures/brfssBMIsampHistograms/brfssBM
IsampHistograms.pdf>
Package pdftex.def Info: ch_inference_foundations_oi_biostat/figures/brfssBMIsa
mpHistograms/brfssBMIsampHistograms.pdf used on input line 84.
(pdftex.def)             Requested size: 393.87128pt x 168.80344pt.
 [10 <./ch_inference_foundations_oi_biostat/figures/brfssBMIsampHistograms/brfs
sBMIsampHistograms.pdf>] [11]
<ch_inference_foundations_oi_biostat/figures/brfssBMIRunningMean/brfssBMIRunnin
gMean.pdf, id=181, 505.89pt x 289.08pt>
File: ch_inference_foundations_oi_biostat/figures/brfssBMIRunningMean/brfssBMIR
unningMean.pdf Graphic file (type pdf)

<use ch_inference_foundations_oi_biostat/figures/brfssBMIRunningMean/brfssBMIRu
nningMean.pdf>
Package pdftex.def Info: ch_inference_foundations_oi_biostat/figures/brfssBMIRu
nningMean/brfssBMIRunningMean.pdf used on input line 155.
(pdftex.def)             Requested size: 393.87128pt x 225.07126pt.

<ch_inference_foundations_oi_biostat/figures/brfssBMISampVar/brfssBMISampVar20.
pdf, id=184, 505.89pt x 252.945pt>
File: ch_inference_foundations_oi_biostat/figures/brfssBMISampVar/brfssBMISampV
ar20.pdf Graphic file (type pdf)

<use ch_inference_foundations_oi_biostat/figures/brfssBMISampVar/brfssBMISampVa
r20.pdf>
Package pdftex.def Info: ch_inference_foundations_oi_biostat/figures/brfssBMISa
mpVar/brfssBMISampVar20.pdf used on input line 164.
(pdftex.def)             Requested size: 393.87128pt x 196.93736pt.
 [12 <./ch_inference_foundations_oi_biostat/figures/brfssBMIRunningMean/brfssBM
IRunningMean.pdf>]
<ch_inference_foundations_oi_biostat/figures/brfssBMISampleMeanPrecision/brfssB
MISampleMeanPrecision.pdf, id=202, 578.16pt x 226.8475pt>
File: ch_inference_foundations_oi_biostat/figures/brfssBMISampleMeanPrecision/b
rfssBMISampleMeanPrecision.pdf Graphic file (type pdf)

<use ch_inference_foundations_oi_biostat/figures/brfssBMISampleMeanPrecision/br
fssBMISampleMeanPrecision.pdf>
Package pdftex.def Info: ch_inference_foundations_oi_biostat/figures/brfssBMISa
mpleMeanPrecision/brfssBMISampleMeanPrecision.pdf used on input line 182.
(pdftex.def)             Requested size: 393.87128pt x 154.53809pt.
 [13 <./ch_inference_foundations_oi_biostat/figures/brfssBMISampVar/brfssBMISam
pVar20.pdf>]
Underfull \hbox (badness 10000) in paragraph at lines 193--194

 []


<ch_inference_foundations_oi_biostat/figures/brfssBMISamplingDistribution/brfss
BMISamplingDistribution.pdf, id=218, 578.16pt x 226.8475pt>
File: ch_inference_foundations_oi_biostat/figures/brfssBMISamplingDistribution/
brfssBMISamplingDistribution.pdf Graphic file (type pdf)

<use ch_inference_foundations_oi_biostat/figures/brfssBMISamplingDistribution/b
rfssBMISamplingDistribution.pdf>
Package pdftex.def Info: ch_inference_foundations_oi_biostat/figures/brfssBMISa
mplingDistribution/brfssBMISamplingDistribution.pdf used on input line 199.
(pdftex.def)             Requested size: 334.79298pt x 131.35703pt.
 [14 <./ch_inference_foundations_oi_biostat/figures/brfssBMISampleMeanPrecision
/brfssBMISampleMeanPrecision.pdf>]
Underfull \hbox (badness 10000) in paragraph at lines 219--220

 []


Underfull \hbox (badness 10000) in paragraph at lines 227--228

 []

[15 <./ch_inference_foundations_oi_biostat/figures/brfssBMISamplingDistribution
/brfssBMISamplingDistribution.pdf>]
Overfull \hbox (5.12524pt too wide) in paragraph at lines 248--248
[]\OT1/cmtt/m/n/10 > sample.means<-matrix(data=NA,nrow=1000, ncol=1) #to store 
the sample means[] 
 []

[16]
Underfull \hbox (badness 10000) in paragraph at lines 269--270

 []

[17]

LaTeX Warning: Reference `inferenceForNumericalData' on page 18 undefined on in
put line 305.

[18] [19]
<ch_inference_foundations_oi_biostat/figures/95PercentConfidenceInterval/95Perc
entConfidenceInterval.pdf, id=302, 433.62pt x 289.08pt>
File: ch_inference_foundations_oi_biostat/figures/95PercentConfidenceInterval/9
5PercentConfidenceInterval.pdf Graphic file (type pdf)

<use ch_inference_foundations_oi_biostat/figures/95PercentConfidenceInterval/95
PercentConfidenceInterval.pdf>
Package pdftex.def Info: ch_inference_foundations_oi_biostat/figures/95PercentC
onfidenceInterval/95PercentConfidenceInterval.pdf used on input line 340.
(pdftex.def)             Requested size: 295.40346pt x 196.94672pt.
 [20 <./ch_inference_foundations_oi_biostat/figures/95PercentConfidenceInterval
/95PercentConfidenceInterval.pdf>]

LaTeX Warning: Reference `distributions' on page 21 undefined on input line 358
.

[21] [22]
<ch_inference_foundations_oi_biostat/figures/sampDistNormal/sampDistNormal.pdf,
 id=357, 578.16pt x 226.8475pt>
File: ch_inference_foundations_oi_biostat/figures/sampDistNormal/sampDistNormal
.pdf Graphic file (type pdf)

<use ch_inference_foundations_oi_biostat/figures/sampDistNormal/sampDistNormal.
pdf>
Package pdftex.def Info: ch_inference_foundations_oi_biostat/figures/sampDistNo
rmal/sampDistNormal.pdf used on input line 425.
(pdftex.def)             Requested size: 393.87128pt x 154.53809pt.


LaTeX Warning: Reference `normalDist' on page 23 undefined on input line 430.


Underfull \hbox (badness 10000) in paragraph at lines 433--434

 []

[23]

Package caption Warning: \label without proper \caption on input line 451.
See the caption package documentation for explanation.


LaTeX Warning: Reference `cltThirty' on page 24 undefined on input line 445.


<ch_inference_foundations_oi_biostat/figures/netTimeBigSamplingDistribution/clt
_30.png, id=371, 1076.02pt x 768.8725pt>
File: ch_inference_foundations_oi_biostat/figures/netTimeBigSamplingDistributio
n/clt_30.png Graphic file (type png)

<use ch_inference_foundations_oi_biostat/figures/netTimeBigSamplingDistribution
/clt_30.png>
Package pdftex.def Info: ch_inference_foundations_oi_biostat/figures/netTimeBig
SamplingDistribution/clt_30.png used on input line 449.
(pdftex.def)             Requested size: 393.87128pt x 281.43977pt.
 [24 <./ch_inference_foundations_oi_biostat/figures/sampDistNormal/sampDistNorm
al.pdf>]

Package caption Warning: \label without proper \caption on input line 485.
See the caption package documentation for explanation.


LaTeX Warning: Reference `choosingZForCI' on page 25 undefined on input line 47
5.

[25 <./ch_inference_foundations_oi_biostat/figures/netTimeBigSamplingDistributi
on/clt_30.png>]

Package caption Warning: \label without proper \caption on input line 485.
See the caption package documentation for explanation.


LaTeX Warning: Reference `choosingZForCI' on page 26 undefined on input line 47
8.


<ch_inference_foundations_oi_biostat/figures/choosingZForCI/choosingZForCI.pdf,
 id=404, 546.04pt x 277.035pt>
File: ch_inference_foundations_oi_biostat/figures/choosingZForCI/choosingZForCI
.pdf Graphic file (type pdf)

<use ch_inference_foundations_oi_biostat/figures/choosingZForCI/choosingZForCI.
pdf>
Package pdftex.def Info: ch_inference_foundations_oi_biostat/figures/choosingZF
orCI/choosingZForCI.pdf used on input line 483.
(pdftex.def)             Requested size: 393.87128pt x 199.83281pt.
 [26 <./ch_inference_foundations_oi_biostat/figures/choosingZForCI/choosingZFor
CI.pdf>]
Underfull \hbox (badness 10000) in paragraph at lines 506--507

 []


Underfull \hbox (badness 10000) in paragraph at lines 514--515

 []


Underfull \hbox (badness 10000) in paragraph at lines 519--520

 []


<ch_inference_foundations_oi_biostat/figures/choosingZForCI/brfssSampHist.png, 
id=425, 627.34375pt x 471.7625pt>
File: ch_inference_foundations_oi_biostat/figures/choosingZForCI/brfssSampHist.
png Graphic file (type png)

<use ch_inference_foundations_oi_biostat/figures/choosingZForCI/brfssSampHist.p
ng>
Package pdftex.def Info: ch_inference_foundations_oi_biostat/figures/choosingZF
orCI/brfssSampHist.png used on input line 526.
(pdftex.def)             Requested size: 295.40346pt x 222.1531pt.

Underfull \hbox (badness 1874) in paragraph at lines 527--527
[]\OT1/cmr/m/n/10 Figure 4.13: |We draw a his-togram of the men's weights in th
e
 []

[27]
Underfull \hbox (badness 10000) in paragraph at lines 542--543

 []


Underfull \hbox (badness 10000) in paragraph at lines 545--546

 []


Underfull \vbox (badness 10000) has occurred while \output is active []

 [28 <./ch_inference_foundations_oi_biostat/figures/choosingZForCI/brfssSampHis
t.png>]

Package caption Warning: \label without proper \caption on input line 485.
See the caption package documentation for explanation.


LaTeX Warning: Reference `choosingZForCI' on page 29 undefined on input line 54
8.


Package caption Warning: \label without proper \caption on input line 485.
See the caption package documentation for explanation.


LaTeX Warning: Reference `choosingZForCI' on page 29 undefined on input line 54
8.

[29]
Underfull \hbox (badness 10000) in paragraph at lines 581--583

 []

[30]
Underfull \hbox (badness 10000) in paragraph at lines 614--615

 []

[31]
Underfull \hbox (badness 10000) in paragraph at lines 665--666

 []


Underfull \hbox (badness 10000) in paragraph at lines 671--672

 []

[32]
Underfull \hbox (badness 10000) in paragraph at lines 683--684

 []


Underfull \hbox (badness 10000) in paragraph at lines 694--695

 []

[33]

LaTeX Warning: Reference `some section' on page 34 undefined on input line 705.



Underfull \vbox (badness 6893) has occurred while \output is active []

 [34]
Underfull \hbox (badness 10000) in paragraph at lines 718--719

 []

[35]
<ch_inference_foundations_oi_biostat/figures/pValueOneSidedSleepStudyExplained/
pValueOneSidedSleepStudyExplained.pdf, id=519, 496.85625pt x 198.7425pt>
File: ch_inference_foundations_oi_biostat/figures/pValueOneSidedSleepStudyExpla
ined/pValueOneSidedSleepStudyExplained.pdf Graphic file (type pdf)

<use ch_inference_foundations_oi_biostat/figures/pValueOneSidedSleepStudyExplai
ned/pValueOneSidedSleepStudyExplained.pdf>
Package pdftex.def Info: ch_inference_foundations_oi_biostat/figures/pValueOneS
idedSleepStudyExplained/pValueOneSidedSleepStudyExplained.pdf used on input lin
e 740.
(pdftex.def)             Requested size: 354.48174pt x 141.7935pt.

<ch_inference_foundations_oi_biostat/figures/2ndSchSleepHTExample/2ndSchSleepHT
Example.pdf, id=522, 433.62pt x 172.645pt>
File: ch_inference_foundations_oi_biostat/figures/2ndSchSleepHTExample/2ndSchSl
eepHTExample.pdf Graphic file (type pdf)

<use ch_inference_foundations_oi_biostat/figures/2ndSchSleepHTExample/2ndSchSle
epHTExample.pdf>
Package pdftex.def Info: ch_inference_foundations_oi_biostat/figures/2ndSchSlee
pHTExample/2ndSchSleepHTExample.pdf used on input line 749.
(pdftex.def)             Requested size: 354.48174pt x 141.14304pt.
 [36 <./ch_inference_foundations_oi_biostat/figures/pValueOneSidedSleepStudyExp
lained/pValueOneSidedSleepStudyExplained.pdf> <./ch_inference_foundations_oi_bi
ostat/figures/2ndSchSleepHTExample/2ndSchSleepHTExample.pdf>]
[37]
Underfull \hbox (badness 10000) in paragraph at lines 795--796

 []


Underfull \hbox (badness 10000) in paragraph at lines 799--800

 []

[38]
Underfull \hbox (badness 10000) in paragraph at lines 815--816

 []


Underfull \hbox (badness 10000) in paragraph at lines 819--820

 []


<ch_inference_foundations_oi_biostat/figures/histOfSleepForCollegeThatWasChecki
ngForMoreThan7Hours/histOfSleepForCollegeThatWasCheckingForMoreThan7Hours.pdf, 
id=560, 361.35pt x 216.81pt>
File: ch_inference_foundations_oi_biostat/figures/histOfSleepForCollegeThatWasC
heckingForMoreThan7Hours/histOfSleepForCollegeThatWasCheckingForMoreThan7Hours.
pdf Graphic file (type pdf)

<use ch_inference_foundations_oi_biostat/figures/histOfSleepForCollegeThatWasCh
eckingForMoreThan7Hours/histOfSleepForCollegeThatWasCheckingForMoreThan7Hours.p
df>
Package pdftex.def Info: ch_inference_foundations_oi_biostat/figures/histOfSlee
pForCollegeThatWasCheckingForMoreThan7Hours/histOfSleepForCollegeThatWasCheckin
gForMoreThan7Hours.pdf used on input line 826.
(pdftex.def)             Requested size: 260.82794pt x 156.49014pt.
 [39 <./ch_inference_foundations_oi_biostat/figures/histOfSleepForCollegeThatWa
sCheckingForMoreThan7Hours/histOfSleepForCollegeThatWasCheckingForMoreThan7Hour
s.pdf>]
<ch_inference_foundations_oi_biostat/figures/pValueOneSidedSleepStudy/pValueOne
SidedSleepStudybrfss.pdf, id=582, 487.8225pt x 190.7125pt>
File: ch_inference_foundations_oi_biostat/figures/pValueOneSidedSleepStudy/pVal
ueOneSidedSleepStudybrfss.pdf Graphic file (type pdf)

<use ch_inference_foundations_oi_biostat/figures/pValueOneSidedSleepStudy/pValu
eOneSidedSleepStudybrfss.pdf>
Package pdftex.def Info: ch_inference_foundations_oi_biostat/figures/pValueOneS
idedSleepStudy/pValueOneSidedSleepStudybrfss.pdf used on input line 841.
(pdftex.def)             Requested size: 287.52434pt x 112.4059pt.
 [40 <./ch_inference_foundations_oi_biostat/figures/pValueOneSidedSleepStudy/pV
alueOneSidedSleepStudybrfss.pdf>]
Underfull \hbox (badness 10000) in paragraph at lines 864--865

 []

[41] [42] [43]
File: ch_inference_foundations_oi_biostat/figures/2ndSchSleepHTExample/2ndSchSl
eepHTExample.pdf Graphic file (type pdf)

<use ch_inference_foundations_oi_biostat/figures/2ndSchSleepHTExample/2ndSchSle
epHTExample.pdf>
Package pdftex.def Info: ch_inference_foundations_oi_biostat/figures/2ndSchSlee
pHTExample/2ndSchSleepHTExample.pdf used on input line 977.
(pdftex.def)             Requested size: 354.48174pt x 141.14304pt.
 [44]
<ch_inference_foundations_oi_biostat/figures/type1ErrorDoublingExampleFigure/ty
pe1ErrorDoublingExampleFigure.pdf, id=660, 397.485pt x 144.54pt>
File: ch_inference_foundations_oi_biostat/figures/type1ErrorDoublingExampleFigu
re/type1ErrorDoublingExampleFigure.pdf Graphic file (type pdf)

<use ch_inference_foundations_oi_biostat/figures/type1ErrorDoublingExampleFigur
e/type1ErrorDoublingExampleFigure.pdf>
Package pdftex.def Info: ch_inference_foundations_oi_biostat/figures/type1Error
DoublingExampleFigure/type1ErrorDoublingExampleFigure.pdf used on input line 99
4.
(pdftex.def)             Requested size: 275.70868pt x 100.2598pt.

Underfull \hbox (badness 10000) in paragraph at lines 1002--1003

 []


Underfull \hbox (badness 10000) in paragraph at lines 1018--1019

 []

[45 <./ch_inference_foundations_oi_biostat/figures/type1ErrorDoublingExampleFig
ure/type1ErrorDoublingExampleFigure.pdf>]
Underfull \hbox (badness 10000) in paragraph at lines 1046--1047

 []

[46]

LaTeX Warning: Reference `modeling' on page 47 undefined on input line 1051.


<ch_inference_foundations_oi_biostat/figures/cltSimulations/cltSimulations.pdf,
 id=687, 490.83376pt x 578.16pt>
File: ch_inference_foundations_oi_biostat/figures/cltSimulations/cltSimulations
.pdf Graphic file (type pdf)

<use ch_inference_foundations_oi_biostat/figures/cltSimulations/cltSimulations.
pdf>
Package pdftex.def Info: ch_inference_foundations_oi_biostat/figures/cltSimulat
ions/cltSimulations.pdf used on input line 1055.
(pdftex.def)             Requested size: 393.87128pt x 463.9578pt.

Underfull \hbox (badness 10000) in paragraph at lines 1071--1072

 []


LaTeX Warning: Reference `inferenceForNumericalData' on page 47 undefined on in
put line 1074.


LaTeX Warning: Reference `inferenceForCategoricalData' on page 47 undefined on 
input line 1074.

[47] [48 <./ch_inference_foundations_oi_biostat/figures/cltSimulations/cltSimul
ations.pdf>]
<ch_inference_foundations_oi_biostat/figures/pokerProfitsCanApplyNormalToSampMe
an/pokerProfitsCanApplyNormalToSampMean.pdf, id=711, 361.35pt x 216.81pt>
File: ch_inference_foundations_oi_biostat/figures/pokerProfitsCanApplyNormalToS
ampMean/pokerProfitsCanApplyNormalToSampMean.pdf Graphic file (type pdf)

<use ch_inference_foundations_oi_biostat/figures/pokerProfitsCanApplyNormalToSa
mpMean/pokerProfitsCanApplyNormalToSampMean.pdf>
Package pdftex.def Info: ch_inference_foundations_oi_biostat/figures/pokerProfi
tsCanApplyNormalToSampMean/pokerProfitsCanApplyNormalToSampMean.pdf used on inp
ut line 1092.
(pdftex.def)             Requested size: 275.05893pt x 165.02597pt.

Underfull \hbox (badness 10000) in paragraph at lines 1099--1100

 []

[49 <./ch_inference_foundations_oi_biostat/figures/pokerProfitsCanApplyNormalTo
SampMean/pokerProfitsCanApplyNormalToSampMean.pdf>]

LaTeX Warning: Reference `inferenceForNumericalData' on page 50 undefined on in
put line 1114.


LaTeX Warning: Reference `inferenceForCategoricalData' on page 50 undefined on 
input line 1114.


Underfull \hbox (badness 10000) in paragraph at lines 1137--1138

 []


Underfull \vbox (badness 10000) has occurred while \output is active []

 [50]
[51] [52]
<ch_inference_foundations_oi_biostat/figures/sulphStudyFindPValueUsingNormalApp
rox/sulphStudyFindPValueUsingNormalApprox.pdf, id=761, 433.62pt x 158.5925pt>
File: ch_inference_foundations_oi_biostat/figures/sulphStudyFindPValueUsingNorm
alApprox/sulphStudyFindPValueUsingNormalApprox.pdf Graphic file (type pdf)

<use ch_inference_foundations_oi_biostat/figures/sulphStudyFindPValueUsingNorma
lApprox/sulphStudyFindPValueUsingNormalApprox.pdf>
Package pdftex.def Info: ch_inference_foundations_oi_biostat/figures/sulphStudy
FindPValueUsingNormalApprox/sulphStudyFindPValueUsingNormalApprox.pdf used on i
nput line 1221.
(pdftex.def)             Requested size: 287.85083pt x 105.27519pt.
 [53 <./ch_inference_foundations_oi_biostat/figures/sulphStudyFindPValueUsingNo
rmalApprox/sulphStudyFindPValueUsingNormalApprox.pdf>]

LaTeX Warning: Reference `overviewOfDataCollectionPrinciples' on page 54 undefi
ned on input line 1262.


LaTeX Warning: Reference `experimentsSection' on page 54 undefined on input lin
e 1262.

[54]
Underfull \hbox (badness 10000) in paragraph at lines 1308--1309

 []

[55] [56]
<ch_inference_foundations_oi_biostat/figures/power132And141/power132And141.pdf,
 id=803, 515.9275pt x 237.88875pt>
File: ch_inference_foundations_oi_biostat/figures/power132And141/power132And141
.pdf Graphic file (type pdf)

<use ch_inference_foundations_oi_biostat/figures/power132And141/power132And141.
pdf>
Package pdftex.def Info: ch_inference_foundations_oi_biostat/figures/power132An
d141/power132And141.pdf used on input line 1351.
(pdftex.def)             Requested size: 393.87128pt x 181.61403pt.
 [57 <./ch_inference_foundations_oi_biostat/figures/power132And141/power132And1
41.pdf>]

LaTeX Warning: Characters dropped after `\end{comment}' on input line 1395.


Overfull \hbox (7.81052pt too wide) in paragraph at lines 1390--1397
[]\OT1/cmr/m/n/10 -------------------------------------------------------------
-----------------------------------------------------
 []

) [58]
\openout2 = `ch_inference_foundations_oi_biostat/TeX/ch_inference_foundations_o
i_biostat_ex.aux'.


(./ch_inference_foundations_oi_biostat/TeX/ch_inference_foundations_oi_biostat_
ex.tex
<ch_inference_foundations_oi_biostat/figures/eoce/credits/credits.pdf, id=834, 
433.62pt x 216.81pt>
File: ch_inference_foundations_oi_biostat/figures/eoce/credits/credits.pdf Grap
hic file (type pdf)

<use ch_inference_foundations_oi_biostat/figures/eoce/credits/credits.pdf>
Package pdftex.def Info: ch_inference_foundations_oi_biostat/figures/eoce/credi
ts/credits.pdf used on input line 57.
(pdftex.def)             Requested size: 273.14645pt x 136.58109pt.

Overfull \hbox (2.05553pt too wide) in paragraph at lines 57--57
[]$ $[]$ 
 []

[59


 <./ch_inference_foundations_oi_biostat/figures/eoce/credits/credits.pdf>]

LaTeX Warning: Citation 'Heinz:2003' on page 60 undefined on input line 87.


<ch_inference_foundations_oi_biostat/figures/eoce/bdims/bdims_heights.pdf, id=8
61, 433.62pt x 216.81pt>
File: ch_inference_foundations_oi_biostat/figures/eoce/bdims/bdims_heights.pdf 
Graphic file (type pdf)

<use ch_inference_foundations_oi_biostat/figures/eoce/bdims/bdims_heights.pdf>
Package pdftex.def Info: ch_inference_foundations_oi_biostat/figures/eoce/bdims
/bdims_heights.pdf used on input line 87.
(pdftex.def)             Requested size: 241.84842pt x 120.92645pt.

Overfull \hbox (2.05553pt too wide) in paragraph at lines 87--87
[]$ $[]$ 
 []

[60 <./ch_inference_foundations_oi_biostat/figures/eoce/bdims/bdims_heights.pdf
>]

LaTeX Warning: Citation 'data:gss:2010' on page 61 undefined on input line 122.


[61]
<ch_inference_foundations_oi_biostat/figures/eoce/tgSpending/tgSpending.pdf, id
=914, 433.62pt x 216.81pt>
File: ch_inference_foundations_oi_biostat/figures/eoce/tgSpending/tgSpending.pd
f Graphic file (type pdf)

<use ch_inference_foundations_oi_biostat/figures/eoce/tgSpending/tgSpending.pdf
>
Package pdftex.def Info: ch_inference_foundations_oi_biostat/figures/eoce/tgSpe
nding/tgSpending.pdf used on input line 184.
(pdftex.def)             Requested size: 275.70868pt x 137.86137pt.

<ch_inference_foundations_oi_biostat/figures/eoce/relationship/rel_hist.pdf, id
=915, 361.35pt x 172.645pt>
File: ch_inference_foundations_oi_biostat/figures/eoce/relationship/rel_hist.pd
f Graphic file (type pdf)

<use ch_inference_foundations_oi_biostat/figures/eoce/relationship/rel_hist.pdf
>
Package pdftex.def Info: ch_inference_foundations_oi_biostat/figures/eoce/relat
ionship/rel_hist.pdf used on input line 193.
(pdftex.def)             Requested size: 256.01392pt x 122.318pt.

Underfull \vbox (badness 3323) has occurred while \output is active []

 [62 <./ch_inference_foundations_oi_biostat/figures/eoce/tgSpending/tgSpending.
pdf>]

LaTeX Warning: Citation 'data:nsfg:2010' on page 63 undefined on input line 202
.


<ch_inference_foundations_oi_biostat/figures/eoce/ageAtMar/ageAtMar_hist.pdf, i
d=940, 433.62pt x 216.81pt>
File: ch_inference_foundations_oi_biostat/figures/eoce/ageAtMar/ageAtMar_hist.p
df Graphic file (type pdf)

<use ch_inference_foundations_oi_biostat/figures/eoce/ageAtMar/ageAtMar_hist.pd
f>
Package pdftex.def Info: ch_inference_foundations_oi_biostat/figures/eoce/ageAt
Mar/ageAtMar_hist.pdf used on input line 202.
(pdftex.def)             Requested size: 275.70868pt x 137.86137pt.
 [63 <./ch_inference_foundations_oi_biostat/figures/eoce/relationship/rel_hist.
pdf> <./ch_inference_foundations_oi_biostat/figures/eoce/ageAtMar/ageAtMar_hist
.pdf>]

LaTeX Warning: Citation 'webpage:GRE' on page 64 undefined on input line 227.


<ch_inference_foundations_oi_biostat/figures/eoce/ballBearing/ballBearing.pdf, 
id=965, 433.62pt x 216.81pt>
File: ch_inference_foundations_oi_biostat/figures/eoce/ballBearing/ballBearing.
pdf Graphic file (type pdf)

<use ch_inference_foundations_oi_biostat/figures/eoce/ballBearing/ballBearing.p
df>
Package pdftex.def Info: ch_inference_foundations_oi_biostat/figures/eoce/ballB
earing/ballBearing.pdf used on input line 272.
(pdftex.def)             Requested size: 236.32516pt x 118.16406pt.
 [64]

LaTeX Warning: Citation 'Graybill:1994' on page 65 undefined on input line 302.



<ch_inference_foundations_oi_biostat/figures/eoce/gifted/gifted_count_hist.pdf,
 id=986, 433.62pt x 216.81pt>
File: ch_inference_foundations_oi_biostat/figures/eoce/gifted/gifted_count_hist
.pdf Graphic file (type pdf)

<use ch_inference_foundations_oi_biostat/figures/eoce/gifted/gifted_count_hist.
pdf>
Package pdftex.def Info: ch_inference_foundations_oi_biostat/figures/eoce/gifte
d/gifted_count_hist.pdf used on input line 302.
(pdftex.def)             Requested size: 196.93564pt x 98.46674pt.

Overfull \hbox (27.26646pt too wide) in paragraph at lines 302--302
[][] 
 []


<ch_inference_foundations_oi_biostat/figures/eoce/gifted/gifted_momIQ_hist.pdf,
 id=989, 433.62pt x 216.81pt>
File: ch_inference_foundations_oi_biostat/figures/eoce/gifted/gifted_momIQ_hist
.pdf Graphic file (type pdf)

<use ch_inference_foundations_oi_biostat/figures/eoce/gifted/gifted_momIQ_hist.
pdf>
Package pdftex.def Info: ch_inference_foundations_oi_biostat/figures/eoce/gifte
d/gifted_momIQ_hist.pdf used on input line 336.
(pdftex.def)             Requested size: 207.33345pt x 103.66731pt.

Underfull \hbox (badness 10000) in paragraph at lines 336--336

 []

[65 <./ch_inference_foundations_oi_biostat/figures/eoce/ballBearing/ballBearing
.pdf> <./ch_inference_foundations_oi_biostat/figures/eoce/gifted/gifted_count_h
ist.pdf>] [66 <./ch_inference_foundations_oi_biostat/figures/eoce/gifted/gifted
_momIQ_hist.pdf>] [67]
<ch_inference_foundations_oi_biostat/figures/eoce/penniesAges/penniesAges_pop.p
df, id=1066, 418.56375pt x 216.81pt>
File: ch_inference_foundations_oi_biostat/figures/eoce/penniesAges/penniesAges_
pop.pdf Graphic file (type pdf)

<use ch_inference_foundations_oi_biostat/figures/eoce/penniesAges/penniesAges_p
op.pdf>
Package pdftex.def Info: ch_inference_foundations_oi_biostat/figures/eoce/penni
esAges/penniesAges_pop.pdf used on input line 445.
(pdftex.def)             Requested size: 196.93564pt x 102.00656pt.

Overfull \hbox (2.05554pt too wide) in paragraph at lines 445--445
$[]$ $[]$ 
 []


<ch_inference_foundations_oi_biostat/figures/eoce/penniesAges/penniesAges_n5.pd
f, id=1067, 216.81pt x 172.645pt>
File: ch_inference_foundations_oi_biostat/figures/eoce/penniesAges/penniesAges_
n5.pdf Graphic file (type pdf)

<use ch_inference_foundations_oi_biostat/figures/eoce/penniesAges/penniesAges_n
5.pdf>
Package pdftex.def Info: ch_inference_foundations_oi_biostat/figures/eoce/penni
esAges/penniesAges_n5.pdf used on input line 445.
(pdftex.def)             Requested size: 128.00696pt x 101.93605pt.

<ch_inference_foundations_oi_biostat/figures/eoce/penniesAges/penniesAges_n30.p
df, id=1068, 216.81pt x 172.645pt>
File: ch_inference_foundations_oi_biostat/figures/eoce/penniesAges/penniesAges_
n30.pdf Graphic file (type pdf)

<use ch_inference_foundations_oi_biostat/figures/eoce/penniesAges/penniesAges_n
30.pdf>
Package pdftex.def Info: ch_inference_foundations_oi_biostat/figures/eoce/penni
esAges/penniesAges_n30.pdf used on input line 445.
(pdftex.def)             Requested size: 128.00696pt x 101.93605pt.

<ch_inference_foundations_oi_biostat/figures/eoce/penniesAges/penniesAges_n100.
pdf, id=1069, 216.81pt x 172.645pt>
File: ch_inference_foundations_oi_biostat/figures/eoce/penniesAges/penniesAges_
n100.pdf Graphic file (type pdf)

<use ch_inference_foundations_oi_biostat/figures/eoce/penniesAges/penniesAges_n
100.pdf>
Package pdftex.def Info: ch_inference_foundations_oi_biostat/figures/eoce/penni
esAges/penniesAges_n100.pdf used on input line 445.
(pdftex.def)             Requested size: 128.00696pt x 101.93605pt.

<ch_inference_foundations_oi_biostat/figures/eoce/cltSimSYM/cltSimSYM_pop.pdf, 
id=1072, 307.1475pt x 140.525pt>
File: ch_inference_foundations_oi_biostat/figures/eoce/cltSimSYM/cltSimSYM_pop.
pdf Graphic file (type pdf)

<use ch_inference_foundations_oi_biostat/figures/eoce/cltSimSYM/cltSimSYM_pop.p
df>
Package pdftex.def Info: ch_inference_foundations_oi_biostat/figures/eoce/cltSi
mSYM/cltSimSYM_pop.pdf used on input line 463.
(pdftex.def)             Requested size: 196.93564pt x 90.10294pt.

<ch_inference_foundations_oi_biostat/figures/eoce/cltSimSYM/cltSimSYM_n5.pdf, i
d=1073, 230.8625pt x 144.54pt>
File: ch_inference_foundations_oi_biostat/figures/eoce/cltSimSYM/cltSimSYM_n5.p
df Graphic file (type pdf)

<use ch_inference_foundations_oi_biostat/figures/eoce/cltSimSYM/cltSimSYM_n5.pd
f>
Package pdftex.def Info: ch_inference_foundations_oi_biostat/figures/eoce/cltSi
mSYM/cltSimSYM_n5.pdf used on input line 463.
(pdftex.def)             Requested size: 126.04169pt x 78.91277pt.

<ch_inference_foundations_oi_biostat/figures/eoce/cltSimSYM/cltSimSYM_samp.pdf,
 id=1074, 230.8625pt x 144.54pt>
File: ch_inference_foundations_oi_biostat/figures/eoce/cltSimSYM/cltSimSYM_samp
.pdf Graphic file (type pdf)

<use ch_inference_foundations_oi_biostat/figures/eoce/cltSimSYM/cltSimSYM_samp.
pdf>
Package pdftex.def Info: ch_inference_foundations_oi_biostat/figures/eoce/cltSi
mSYM/cltSimSYM_samp.pdf used on input line 463.
(pdftex.def)             Requested size: 126.04169pt x 78.91277pt.

<ch_inference_foundations_oi_biostat/figures/eoce/cltSimSYM/cltSimSYM_n25.pdf, 
id=1075, 230.8625pt x 144.54pt>
File: ch_inference_foundations_oi_biostat/figures/eoce/cltSimSYM/cltSimSYM_n25.
pdf Graphic file (type pdf)

<use ch_inference_foundations_oi_biostat/figures/eoce/cltSimSYM/cltSimSYM_n25.p
df>
Package pdftex.def Info: ch_inference_foundations_oi_biostat/figures/eoce/cltSi
mSYM/cltSimSYM_n25.pdf used on input line 463.
(pdftex.def)             Requested size: 126.04169pt x 78.91277pt.
 [68 <./ch_inference_foundations_oi_biostat/figures/eoce/penniesAges/penniesAge
s_pop.pdf> <./ch_inference_foundations_oi_biostat/figures/eoce/penniesAges/penn
iesAges_n5.pdf> <./ch_inference_foundations_oi_biostat/figures/eoce/penniesAges
/penniesAges_n30.pdf> <./ch_inference_foundations_oi_biostat/figures/eoce/penni
esAges/penniesAges_n100.pdf> <./ch_inference_foundations_oi_biostat/figures/eoc
e/cltSimSYM/cltSimSYM_pop.pdf>]
<ch_inference_foundations_oi_biostat/figures/eoce/cltSimLS/cltSimLS_pop.pdf, id
=1120, 307.1475pt x 140.525pt>
File: ch_inference_foundations_oi_biostat/figures/eoce/cltSimLS/cltSimLS_pop.pd
f Graphic file (type pdf)

<use ch_inference_foundations_oi_biostat/figures/eoce/cltSimLS/cltSimLS_pop.pdf
>
Package pdftex.def Info: ch_inference_foundations_oi_biostat/figures/eoce/cltSi
mLS/cltSimLS_pop.pdf used on input line 476.
(pdftex.def)             Requested size: 196.93564pt x 90.10294pt.

<ch_inference_foundations_oi_biostat/figures/eoce/cltSimLS/cltSimLS_n81.pdf, id
=1121, 230.8625pt x 144.54pt>
File: ch_inference_foundations_oi_biostat/figures/eoce/cltSimLS/cltSimLS_n81.pd
f Graphic file (type pdf)

<use ch_inference_foundations_oi_biostat/figures/eoce/cltSimLS/cltSimLS_n81.pdf
>
Package pdftex.def Info: ch_inference_foundations_oi_biostat/figures/eoce/cltSi
mLS/cltSimLS_n81.pdf used on input line 476.
(pdftex.def)             Requested size: 126.04169pt x 78.91277pt.

<ch_inference_foundations_oi_biostat/figures/eoce/cltSimLS/cltSimLS_samp.pdf, i
d=1122, 230.8625pt x 144.54pt>
File: ch_inference_foundations_oi_biostat/figures/eoce/cltSimLS/cltSimLS_samp.p
df Graphic file (type pdf)

<use ch_inference_foundations_oi_biostat/figures/eoce/cltSimLS/cltSimLS_samp.pd
f>
Package pdftex.def Info: ch_inference_foundations_oi_biostat/figures/eoce/cltSi
mLS/cltSimLS_samp.pdf used on input line 476.
(pdftex.def)             Requested size: 126.04169pt x 78.91277pt.

<ch_inference_foundations_oi_biostat/figures/eoce/cltSimLS/cltSimLS_n18.pdf, id
=1123, 230.8625pt x 144.54pt>
File: ch_inference_foundations_oi_biostat/figures/eoce/cltSimLS/cltSimLS_n18.pd
f Graphic file (type pdf)

<use ch_inference_foundations_oi_biostat/figures/eoce/cltSimLS/cltSimLS_n18.pdf
>
Package pdftex.def Info: ch_inference_foundations_oi_biostat/figures/eoce/cltSi
mLS/cltSimLS_n18.pdf used on input line 476.
(pdftex.def)             Requested size: 126.04169pt x 78.91277pt.
 [69 <./ch_inference_foundations_oi_biostat/figures/eoce/cltSimSYM/cltSimSYM_n5
.pdf> <./ch_inference_foundations_oi_biostat/figures/eoce/cltSimSYM/cltSimSYM_s
amp.pdf> <./ch_inference_foundations_oi_biostat/figures/eoce/cltSimSYM/cltSimSY
M_n25.pdf> <./ch_inference_foundations_oi_biostat/figures/eoce/cltSimLS/cltSimL
S_pop.pdf> <./ch_inference_foundations_oi_biostat/figures/eoce/cltSimLS/cltSimL
S_n81.pdf> <./ch_inference_foundations_oi_biostat/figures/eoce/cltSimLS/cltSimL
S_samp.pdf> <./ch_inference_foundations_oi_biostat/figures/eoce/cltSimLS/cltSim
LS_n18.pdf>]
<ch_inference_foundations_oi_biostat/figures/eoce/ipod/ipod_popdist.pdf, id=117
9, 433.62pt x 216.81pt>
File: ch_inference_foundations_oi_biostat/figures/eoce/ipod/ipod_popdist.pdf Gr
aphic file (type pdf)

<use ch_inference_foundations_oi_biostat/figures/eoce/ipod/ipod_popdist.pdf>
Package pdftex.def Info: ch_inference_foundations_oi_biostat/figures/eoce/ipod/
ipod_popdist.pdf used on input line 539.
(pdftex.def)             Requested size: 295.40346pt x 147.71004pt.

[70 <./ch_inference_foundations_oi_biostat/figures/eoce/ipod/ipod_popdist.pdf>]

LaTeX Warning: Citation 'webpage:spam' on page 71 undefined on input line 567.

[71]) [72]
\openout2 = `extraTeX/index/index.aux'.

 (./extraTeX/index/index.tex)
No file main.ind.
Package atveryend Info: Empty hook `BeforeClearDocument' on input line 51.
Package atveryend Info: Empty hook `AfterLastShipout' on input line 51.
(./main.aux (./extraTeX/preamble/copyright.aux)
(./extraTeX/preamble/preface_oi_biostat.aux)
(./ch_inference_foundations_oi_biostat/TeX/ch_inference_foundations_oi_biostat.
aux)
(./ch_inference_foundations_oi_biostat/TeX/ch_inference_foundations_oi_biostat_
ex.aux) (./extraTeX/index/index.aux))
Package atveryend Info: Executing hook `AtVeryEndDocument' on input line 51.
Package atveryend Info: Executing hook `AtEndAfterFileList' on input line 51.
Package rerunfilecheck Info: File `main.out' has not changed.
(rerunfilecheck)             Checksum: 14F8D6057990DCBFFC6AD7C862F09E1B;672.


LaTeX Warning: There were undefined references.


LaTeX Warning: There were multiply-defined labels.


Package biblatex Warning: Please (re)run BibTeX on the file(s):
(biblatex)                main
(biblatex)                and rerun LaTeX afterwards.

Package logreq Info: Writing requests to 'main.run.xml'.
\openout1 = `main.run.xml'.

Package atveryend Info: Empty hook `AtVeryVeryEnd' on input line 51.
 ) 
Here is how much of TeX's memory you used:
 15249 strings out of 493117
 253135 string characters out of 6135433
 436356 words of memory out of 5000000
 17883 multiletter control sequences out of 15000+600000
 19162 words of font info for 69 fonts, out of 8000000 for 9000
 1141 hyphenation exceptions out of 8191
 42i,17n,41p,1356b,893s stack positions out of 5000i,500n,10000p,200000b,80000s
pdfTeX warning (dest): name{Hfootnote.24} has been referenced but does not ex
ist, replaced by a fixed one

{/usr/local/texlive/2014/texmf-dist/fonts/enc/dvips/cm-super/cm-super-ts1.enc}<
/usr/local/texlive/2014/texmf-dist/fonts/type1/public/amsfonts/cm/cmbx10.pfb></
usr/local/texlive/2014/texmf-dist/fonts/type1/public/amsfonts/cm/cmbx12.pfb></u
sr/local/texlive/2014/texmf-dist/fonts/type1/public/amsfonts/cm/cmbx8.pfb></usr
/local/texlive/2014/texmf-dist/fonts/type1/public/amsfonts/cm/cmbx9.pfb></usr/l
ocal/texlive/2014/texmf-dist/fonts/type1/public/amsfonts/cm/cmbxti10.pfb></usr/
local/texlive/2014/texmf-dist/fonts/type1/public/amsfonts/cm/cmex10.pfb></usr/l
ocal/texlive/2014/texmf-dist/fonts/type1/public/amsfonts/cm/cmmi10.pfb></usr/lo
cal/texlive/2014/texmf-dist/fonts/type1/public/amsfonts/cm/cmmi5.pfb></usr/loca
l/texlive/2014/texmf-dist/fonts/type1/public/amsfonts/cm/cmmi6.pfb></usr/local/
texlive/2014/texmf-dist/fonts/type1/public/amsfonts/cm/cmmi7.pfb></usr/local/te
xlive/2014/texmf-dist/fonts/type1/public/amsfonts/cm/cmmi8.pfb></usr/local/texl
ive/2014/texmf-dist/fonts/type1/public/amsfonts/cm/cmmi9.pfb></usr/local/texliv
e/2014/texmf-dist/fonts/type1/public/amsfonts/cm/cmr10.pfb></usr/local/texlive/
2014/texmf-dist/fonts/type1/public/amsfonts/cm/cmr12.pfb></usr/local/texlive/20
14/texmf-dist/fonts/type1/public/amsfonts/cm/cmr17.pfb></usr/local/texlive/2014
/texmf-dist/fonts/type1/public/amsfonts/cm/cmr6.pfb></usr/local/texlive/2014/te
xmf-dist/fonts/type1/public/amsfonts/cm/cmr7.pfb></usr/local/texlive/2014/texmf
-dist/fonts/type1/public/amsfonts/cm/cmr8.pfb></usr/local/texlive/2014/texmf-di
st/fonts/type1/public/amsfonts/cm/cmr9.pfb></usr/local/texlive/2014/texmf-dist/
fonts/type1/public/amsfonts/cm/cmsl10.pfb></usr/local/texlive/2014/texmf-dist/f
onts/type1/public/amsfonts/cm/cmss10.pfb></usr/local/texlive/2014/texmf-dist/fo
nts/type1/public/amsfonts/cm/cmsy10.pfb></usr/local/texlive/2014/texmf-dist/fon
ts/type1/public/amsfonts/cm/cmsy6.pfb></usr/local/texlive/2014/texmf-dist/fonts
/type1/public/amsfonts/cm/cmsy7.pfb></usr/local/texlive/2014/texmf-dist/fonts/t
ype1/public/amsfonts/cm/cmsy8.pfb></usr/local/texlive/2014/texmf-dist/fonts/typ
e1/public/amsfonts/cm/cmti10.pfb></usr/local/texlive/2014/texmf-dist/fonts/type
1/public/amsfonts/cm/cmti7.pfb></usr/local/texlive/2014/texmf-dist/fonts/type1/
public/amsfonts/cm/cmti8.pfb></usr/local/texlive/2014/texmf-dist/fonts/type1/pu
blic/amsfonts/cm/cmti9.pfb></usr/local/texlive/2014/texmf-dist/fonts/type1/publ
ic/amsfonts/cm/cmtt10.pfb></usr/local/texlive/2014/texmf-dist/fonts/type1/publi
c/amsfonts/cm/cmtt8.pfb></usr/local/texlive/2014/texmf-dist/fonts/type1/public/
amsfonts/cm/cmtt9.pfb></usr/local/texlive/2014/texmf-dist/fonts/type1/public/cm
-super/sfrm0900.pfb></usr/local/texlive/2014/texmf-dist/fonts/type1/public/cm-s
uper/sfrm1000.pfb></usr/local/texlive/2014/texmf-dist/fonts/type1/public/wasy/w
asy10.pfb>
Output written on main.pdf (72 pages, 1116007 bytes).
PDF statistics:
 1479 PDF objects out of 1728 (max. 8388607)
 1275 compressed objects within 13 object streams
 480 named destinations out of 1000 (max. 500000)
 273 words of extra memory for PDF output out of 10000 (max. 10000000)

